<?xml version="1.0" encoding="UTF-8"?>
<!-- Generated by org.testng.reporters.JUnitXMLReporter -->
<testsuite ignored="5" hostname="DESKTOP-BM9GJNR" failures="0" tests="5" name="NopCommerce" time="12.779" errors="0" timestamp="2023-03-03T23:08:42 GST">
  <testcase classname="tests.RegisterationTest" name="UserCanRegisterSuccessfully" time="3.638"/>
  <testcase classname="tests.RegisterationTest" name="UserCanLogin" time="1.838"/>
  <testcase classname="tests.SearchForProductTest" name="SearchForProduct" time="2.71"/>
  <testcase classname="tests.AddToWishListTest" name="AddtoWishListTestCase" time="2.301"/>
  <testcase classname="tests.AddToWishListTest" name="RemovefromWishListtestCase" time="0.618"/>
  <testcase classname="tests.SearchForProductTest" name="UserCanRegisterandLoginSuccessfully" time="0.0">
    <ignored/>
  </testcase> <!-- UserCanRegisterandLoginSuccessfully -->
  <testcase classname="tests.TestBase" name="@AfterSuite ExitWebsite" time="0.0">
    <ignored/>
  </testcase> <!-- @AfterSuite ExitWebsite -->
  <testcase classname="tests.TestBase" name="@BeforeSuite openURL" time="0.0">
    <ignored/>
  </testcase> <!-- @BeforeSuite openURL -->
  <testcase classname="tests.TestBase" name="@BeforeSuite openURL" time="0.0">
    <ignored/>
  </testcase> <!-- @BeforeSuite openURL -->
  <testcase classname="tests.TestBase" name="@AfterSuite ExitWebsite" time="0.0">
    <ignored/>
  </testcase> <!-- @AfterSuite ExitWebsite -->
</testsuite> <!-- NopCommerce -->
