<?xml version="1.0" encoding="UTF-8"?>
<!-- Generated by org.testng.reporters.JUnitXMLReporter -->
<testsuite ignored="1" hostname="DESKTOP-BM9GJNR" failures="0" tests="2" name="Registeration and Login" time="11.879" errors="0" timestamp="2023-03-04T13:08:58 GST">
  <testcase classname="tests.RegisterationTest" name="UserCanRegisterSuccessfully" time="9.733"/>
  <testcase classname="tests.RegisterationTest" name="UserCanLogin" time="1.467"/>
  <testcase classname="tests.RegisterationTest" name="UserCanLogout" time="0.0">
    <ignored/>
  </testcase> <!-- UserCanLogout -->
</testsuite> <!-- Registeration and Login -->
