<?xml version="1.0" encoding="UTF-8"?>
<!-- Generated by org.testng.reporters.JUnitXMLReporter -->
<testsuite ignored="7" hostname="DESKTOP-BM9GJNR" failures="0" tests="3" name="Search For Products and working with it" time="7.775" errors="0" timestamp="2023-03-04T13:09:06 GST">
  <testcase classname="tests.SearchForProductTest" name="SearchForProduct" time="3.696"/>
  <testcase classname="tests.AddToWishListTest" name="AddtoWishListTestCase" time="2.536"/>
  <testcase classname="tests.AddToShopCartTestCase" name="UserCanAdditemtotheshopcart" time="0.981"/>
  <testcase classname="tests.AddToWishListTest" name="RemovefromWishListtestCase" time="0.0">
    <ignored/>
  </testcase> <!-- RemovefromWishListtestCase -->
  <testcase classname="tests.AddToShopCartTestCase" name="removefromshopcart" time="0.0">
    <ignored/>
  </testcase> <!-- removefromshopcart -->
  <testcase classname="tests.SearchForProductTest" name="UserCanRegisterandLoginSuccessfully" time="0.0">
    <ignored/>
  </testcase> <!-- UserCanRegisterandLoginSuccessfully -->
  <testcase classname="tests.TestBase" name="@AfterSuite ExitWebsite" time="0.0">
    <ignored/>
  </testcase> <!-- @AfterSuite ExitWebsite -->
  <testcase classname="tests.TestBase" name="@BeforeSuite openURL" time="0.0">
    <ignored/>
  </testcase> <!-- @BeforeSuite openURL -->
  <testcase classname="tests.TestBase" name="@BeforeSuite openURL" time="0.0">
    <ignored/>
  </testcase> <!-- @BeforeSuite openURL -->
  <testcase classname="tests.TestBase" name="@AfterSuite ExitWebsite" time="0.0">
    <ignored/>
  </testcase> <!-- @AfterSuite ExitWebsite -->
</testsuite> <!-- Search For Products and working with it -->
